<?xml version="1.0" encoding="UTF-8"?>
<!-- Generated by org.testng.reporters.JUnitXMLReporter -->
<testsuite ignored="0" hostname="DESKTOP-APORDVE" failures="1" tests="1" name="Test" time="6.432" errors="0" timestamp="2024-04-23T22:12:14 IST">
  <testcase classname="rahulShettyAcademy.Tests.SubmitOrderTest" name="SubmitOrder" time="3.762">
    <failure type="java.lang.AssertionError" message="expected [false] but found [true]">
      <![CDATA[java.lang.AssertionError: expected [false] but found [true]
at rahulShettyAcademy.Tests.SubmitOrderTest.SubmitOrder(SubmitOrderTest.java:36)
at java.base/java.util.ArrayList.forEach(ArrayList.java:1511)
... Removed 31 stack frames]]>
    </failure>
  </testcase> <!-- SubmitOrder -->
</testsuite> <!-- Test -->
